<?xml version="1.0" encoding="UTF-8"?>
<!-- Generated by org.testng.reporters.JUnitReportReporter -->
<testsuite hostname="DESKTOP-SB4VK30" name="test.java.CreateDB" tests="2" failures="0" timestamp="3 Jul 2019 21:48:36 GMT" time="48.184" errors="0">
  <testcase name="insertQuotes" time="25.474" classname="test.java.CreateDB"/>
  <testcase name="getAllQuotes" time="22.710" classname="test.java.CreateDB"/>
</testsuite> <!-- test.java.CreateDB -->
