<?xml version="1.0" encoding="UTF-8"?>
<!-- Generated by org.testng.reporters.JUnitReportReporter -->
<testsuite hostname="DESKTOP-SB4VK30" name="mytest.PracticeTest" tests="1" failures="0" timestamp="27 Jun 2019 21:46:56 GMT" time="20.502" errors="0">
  <testcase name="main" time="20.502" classname="mytest.PracticeTest"/>
</testsuite> <!-- mytest.PracticeTest -->
