<?xml version="1.0" encoding="UTF-8"?>
<!-- Generated by org.testng.reporters.JUnitReportReporter -->
<testsuite hostname="DESKTOP-SB4VK30" name="test.test.java.NewTest" tests="1" failures="0" timestamp="3 Jul 2019 17:45:02 GMT" time="23.495" errors="0">
  <testcase name="getAllQuotes" time="23.495" classname="test.test.java.NewTest"/>
</testsuite> <!-- test.test.java.NewTest -->
