<?xml version="1.0" encoding="UTF-8"?>
<!-- Generated by org.testng.reporters.JUnitReportReporter -->
<testsuite hostname="DESKTOP-SB4VK30" name="eBotTest.FormValidationTest" tests="1" failures="0" timestamp="3 Jul 2019 13:47:31 GMT" time="9.583" errors="0">
  <testcase name="blankDataTest" time="9.583" classname="eBotTest.FormValidationTest"/>
</testsuite> <!-- eBotTest.FormValidationTest -->
