<?xml version="1.0" encoding="UTF-8"?>
<!-- Generated by org.testng.reporters.JUnitReportReporter -->
<testsuite hostname="DESKTOP-SB4VK30" name="test.java.NewTest" tests="1" failures="0" timestamp="3 Jul 2019 21:15:56 GMT" time="22.993" errors="0">
  <testcase name="getAllQuotes" time="22.993" classname="test.java.NewTest"/>
</testsuite> <!-- test.java.NewTest -->
